[08-05-2024 16:19:44]:⚙ DEBUG ->  
[08-05-2024 16:21:08]:⚙ DEBUG ->  
[08-05-2024 16:21:20]:⚙ DEBUG ->  
[08-05-2024 16:26:26]:❌ Ошибка -> InvalidLengthError
[08-05-2024 16:26:26]:⚙ DEBUG -> 
[08-05-2024 16:27:32]:❌ Ошибка -> InvalidLengthError
[08-05-2024 16:27:32]:⚙ DEBUG -> 
[08-05-2024 16:29:42]:⚙ DEBUG -> 88
[08-05-2024 16:29:42]:❌ Ошибка -> InvalidLengthError
[08-05-2024 16:29:42]:⚙ DEBUG -> 
[08-05-2024 16:31:21]:⚙ DEBUG -> 88
[08-05-2024 16:31:21]:❌ Ошибка -> InvalidLengthError
[08-05-2024 16:31:21]:⚙ DEBUG -> 
[08-05-2024 16:37:46]:⚙ DEBUG -> 88
[08-05-2024 16:37:46]:⚙ DEBUG -> 9auLr6by9ytDEYisOK4t57thj7PTi2y/Y53vzdXhCoayL8z/Vx2jfkKyO4C2V+5Nk2R49YIoCofW27Hac/XEfQ==
[08-05-2024 16:38:35]:⚙ DEBUG -> 88
[08-05-2024 16:38:35]:⚙ DEBUG -> 9auLr6by9ytDEYisOK4t57thj7PTi2y/Y53vzdXhCoayL8z/Vx2jfkKyO4C2V+5Nk2R49YIoCofW27Hac/XEfQ==
[08-05-2024 16:40:07]:⚙ DEBUG -> 88
[08-05-2024 16:40:07]:❌ Ошибка -> InvalidLengthError
[08-05-2024 16:40:07]:⚙ DEBUG -> 
[08-05-2024 16:40:26]:⚙ DEBUG -> 88
[08-05-2024 16:40:26]:⚙ DEBUG -> 9auLr6by9ytDEYisOK4t57thj7PTi2y/Y53vzdXhCoayL8z/Vx2jfkKyO4C2V+5Nk2R49YIoCofW27Hac/XEfQ==
[08-05-2024 16:40:41]:⚙ DEBUG -> 88
[08-05-2024 16:40:41]:❌ Ошибка -> InvalidLengthError
[08-05-2024 16:40:41]:⚙ DEBUG -> 
[08-05-2024 16:42:21]:⚙ DEBUG -> 88
[08-05-2024 16:42:21]:⚙ DEBUG -> OxDqYVEd8T//XVBGN3sD2lZ6mVMD3XLcDsKFNnOnD2m2WRu1vHpeFa4nSLsXHQQ6W1YrELQ/9xzF+kYmpY3xAw==
[08-05-2024 16:50:46]:⚙ DEBUG -> 88
[08-05-2024 16:50:46]:⚙ DEBUG -> OxDqYVEd8T//XVBGN3sD2lZ6mVMD3XLcDsKFNnOnD2m2WRu1vHpeFa4nSLsXHQQ6W1YrELQ/9xzF+kYmpY3xAw==
[08-05-2024 16:52:24]:⚙ DEBUG -> 88
[08-05-2024 16:52:24]:⚙ DEBUG -> OxDqYVEd8T//XVBGN3sD2lZ6mVMD3XLcDsKFNnOnD2m2WRu1vHpeFa4nSLsXHQQ6W1YrELQ/9xzF+kYmpY3xAw==
[08-05-2024 16:59:17]:⚙ DEBUG -> 88
[08-05-2024 16:59:17]:⚙ DEBUG -> OxDqYVEd8T//XVBGN3sD2lZ6mVMD3XLcDsKFNnOnD2m2WRu1vHpeFa4nSLsXHQQ6W1YrELQ/9xzF+kYmpY3xAw==
