[27-03-2025 12:53:43]-[utilites::dates::test:591]:⚙ DEBUG -> Парсинг 26-10-2022T13:23:52 - 26.10.2022 
[27-03-2025 12:53:43]-[utilites::dates::test:594]:⚙ DEBUG -> Парсинг 26 октября 2020 - 26 октября 2020 
[27-03-2025 12:53:43]-[utilites::dates:172]:❌ Ошибка -> Ошибка входного формата данных - 2022-10-26 13:23:52.412. Поддерживаются форматы: %Y%m%d, %d.%m.%Y, %Y-%m-%dT%H:%M:%S, %d-%m-%YT%H:%M:%S, %Y-%m-%d %H:%M:%S, %H:%M:%S
[27-03-2025 12:58:40]-[utilites::dates::test:596]:⚙ DEBUG -> Парсинг 26-10-2022T13:23:52 - 26.10.2022 
[27-03-2025 12:58:40]-[utilites::dates::test:599]:⚙ DEBUG -> Парсинг 26 октября 2020 - 26 октября 2020 
[27-03-2025 12:58:40]-[utilites::dates::test:605]:⚙ DEBUG -> Парсинг в формате mssql: 2022-10-26 13:23:52.412 - 26.10.2022 
[27-03-2025 12:58:40]-[utilites::dates::test:606]:⚙ DEBUG -> Вывод в формате DotDate: 26.10.2022
[27-03-2025 12:58:40]-[utilites::dates::test:607]:⚙ DEBUG -> Вывод в формате Serialize: 2022-10-26T13:23:52
[27-03-2025 12:58:40]-[utilites::dates::test:608]:⚙ DEBUG -> Вывод в формате OnlyDate: 26-10-2022
[27-03-2025 12:58:40]-[utilites::dates::test:609]:⚙ DEBUG -> Вывод в формате SerializeReverse: 26-10-2022T13:23:52
[27-03-2025 12:58:40]-[utilites::dates::test:610]:⚙ DEBUG -> Вывод в формате FullDate: 26 октября 2022
[27-03-2025 12:58:40]-[utilites::dates::test:611]:⚙ DEBUG -> Тукущее время: 2025-03-27T12:58:40
[27-03-2025 12:58:40]-[utilites::dates::test:612]:⚙ DEBUG -> Дата 12 12 2056: 2056-12-12T00:00:00
[27-03-2025 13:01:09]-[utilites::dates::test:599]:⚙ DEBUG -> Парсинг 26-10-2022T13:23:52 - 26.10.2022 
[27-03-2025 13:01:09]-[utilites::dates::test:602]:⚙ DEBUG -> Парсинг 26 октября 2020 - 26 октября 2020 
[27-03-2025 13:01:09]-[utilites::dates::test:608]:⚙ DEBUG -> Парсинг в формате mssql: 2022-10-26 13:23:52.412 - 2022-10-26 13:23:52.000000412 
[27-03-2025 13:01:09]-[utilites::dates::test:609]:⚙ DEBUG -> Вывод в формате DotDate: 26.10.2022
[27-03-2025 13:01:09]-[utilites::dates::test:610]:⚙ DEBUG -> Вывод в формате Serialize: 2022-10-26T13:23:52
[27-03-2025 13:01:09]-[utilites::dates::test:611]:⚙ DEBUG -> Вывод в формате OnlyDate: 26-10-2022
[27-03-2025 13:01:09]-[utilites::dates::test:612]:⚙ DEBUG -> Вывод в формате SerializeReverse: 26-10-2022T13:23:52
[27-03-2025 13:01:09]-[utilites::dates::test:613]:⚙ DEBUG -> Вывод в формате FullDate: 26 октября 2022
[27-03-2025 13:01:09]-[utilites::dates::test:614]:⚙ DEBUG -> Тукущее время: 2025-03-27T13:01:09
[27-03-2025 13:01:09]-[utilites::dates::test:615]:⚙ DEBUG -> Дата 12 12 2056: 2056-12-12T00:00:00
[27-03-2025 13:07:28]-[utilites::dates::test:607]:⚙ DEBUG -> Парсинг 26-10-2022T13:23:52 - 26.10.2022 
[27-03-2025 13:07:28]-[utilites::dates::test:610]:⚙ DEBUG -> Парсинг 26 октября 2020 - 26 октября 2020 
[27-03-2025 13:07:28]-[utilites::dates::test:616]:⚙ DEBUG -> Парсинг в формате mssql: 2022-10-26 13:23:52.412 - 2022-10-26 13:23:52.000 
[27-03-2025 13:07:28]-[utilites::dates::test:617]:⚙ DEBUG -> Вывод в формате DotDate: 26.10.2022
[27-03-2025 13:07:28]-[utilites::dates::test:618]:⚙ DEBUG -> Вывод в формате Serialize: 2022-10-26T13:23:52
[27-03-2025 13:07:28]-[utilites::dates::test:619]:⚙ DEBUG -> Вывод в формате OnlyDate: 26-10-2022
[27-03-2025 13:07:28]-[utilites::dates::test:620]:⚙ DEBUG -> Вывод в формате SerializeReverse: 26-10-2022T13:23:52
[27-03-2025 13:07:28]-[utilites::dates::test:621]:⚙ DEBUG -> Вывод в формате FullDate: 26 октября 2022
[27-03-2025 13:07:28]-[utilites::dates::test:622]:⚙ DEBUG -> Тукущее время: 2025-03-27T13:07:28
[27-03-2025 13:07:28]-[utilites::dates::test:623]:⚙ DEBUG -> Дата 12 12 2056: 2056-12-12T00:00:00
[27-03-2025 13:09:59]-[utilites::dates::test:606]:⚙ DEBUG -> Парсинг 26-10-2022T13:23:52 - 26.10.2022 
[27-03-2025 13:09:59]-[utilites::dates::test:609]:⚙ DEBUG -> Парсинг 26 октября 2020 - 26 октября 2020 
[27-03-2025 13:09:59]-[utilites::dates::test:615]:⚙ DEBUG -> Парсинг в формате mssql: 2022-10-26 13:23:52.412 - 2022-10-26 13:23:52.000 
[27-03-2025 13:09:59]-[utilites::dates::test:616]:⚙ DEBUG -> Вывод в формате DotDate: 26.10.2022
[27-03-2025 13:09:59]-[utilites::dates::test:617]:⚙ DEBUG -> Вывод в формате Serialize: 2022-10-26T13:23:52
[27-03-2025 13:09:59]-[utilites::dates::test:618]:⚙ DEBUG -> Вывод в формате OnlyDate: 26-10-2022
[27-03-2025 13:09:59]-[utilites::dates::test:619]:⚙ DEBUG -> Вывод в формате SerializeReverse: 26-10-2022T13:23:52
[27-03-2025 13:09:59]-[utilites::dates::test:620]:⚙ DEBUG -> Вывод в формате FullDate: 26 октября 2022
[27-03-2025 13:09:59]-[utilites::dates::test:621]:⚙ DEBUG -> Тукущее время: 2025-03-27T13:09:59
[27-03-2025 13:09:59]-[utilites::dates::test:622]:⚙ DEBUG -> Дата 12 12 2056: 2056-12-12T00:00:00
[27-03-2025 13:11:02]-[utilites::dates::test:606]:⚙ DEBUG -> Парсинг 26-10-2022T13:23:52 - 26.10.2022 
[27-03-2025 13:11:02]-[utilites::dates::test:609]:⚙ DEBUG -> Парсинг 26 октября 2020 - 26 октября 2020 
[27-03-2025 13:11:02]-[utilites::dates::test:615]:⚙ DEBUG -> Парсинг в формате mssql: 2022-10-26 13:23:52.412 - 2022-10-26 13:23:52.000 - 0 
[27-03-2025 13:11:02]-[utilites::dates::test:616]:⚙ DEBUG -> Вывод в формате DotDate: 26.10.2022
[27-03-2025 13:11:02]-[utilites::dates::test:617]:⚙ DEBUG -> Вывод в формате Serialize: 2022-10-26T13:23:52
[27-03-2025 13:11:02]-[utilites::dates::test:618]:⚙ DEBUG -> Вывод в формате OnlyDate: 26-10-2022
[27-03-2025 13:11:02]-[utilites::dates::test:619]:⚙ DEBUG -> Вывод в формате SerializeReverse: 26-10-2022T13:23:52
[27-03-2025 13:11:02]-[utilites::dates::test:620]:⚙ DEBUG -> Вывод в формате FullDate: 26 октября 2022
[27-03-2025 13:11:02]-[utilites::dates::test:621]:⚙ DEBUG -> Тукущее время: 2025-03-27T13:11:02
[27-03-2025 13:11:02]-[utilites::dates::test:622]:⚙ DEBUG -> Дата 12 12 2056: 2056-12-12T00:00:00
[27-03-2025 13:11:29]-[utilites::dates::test:606]:⚙ DEBUG -> Парсинг 26-10-2022T13:23:52 - 26.10.2022 
[27-03-2025 13:11:29]-[utilites::dates::test:609]:⚙ DEBUG -> Парсинг 26 октября 2020 - 26 октября 2020 
[27-03-2025 13:11:29]-[utilites::dates::test:615]:⚙ DEBUG -> Парсинг в формате mssql: 2022-10-26 13:23:52.412 - 2022-10-26 13:23:52.000 - 1666790632000000 
[27-03-2025 13:11:29]-[utilites::dates::test:616]:⚙ DEBUG -> Вывод в формате DotDate: 26.10.2022
[27-03-2025 13:11:29]-[utilites::dates::test:617]:⚙ DEBUG -> Вывод в формате Serialize: 2022-10-26T13:23:52
[27-03-2025 13:11:29]-[utilites::dates::test:618]:⚙ DEBUG -> Вывод в формате OnlyDate: 26-10-2022
[27-03-2025 13:11:29]-[utilites::dates::test:619]:⚙ DEBUG -> Вывод в формате SerializeReverse: 26-10-2022T13:23:52
[27-03-2025 13:11:29]-[utilites::dates::test:620]:⚙ DEBUG -> Вывод в формате FullDate: 26 октября 2022
[27-03-2025 13:11:29]-[utilites::dates::test:621]:⚙ DEBUG -> Тукущее время: 2025-03-27T13:11:29
[27-03-2025 13:11:29]-[utilites::dates::test:622]:⚙ DEBUG -> Дата 12 12 2056: 2056-12-12T00:00:00
[27-03-2025 13:12:03]-[utilites::dates::test:606]:⚙ DEBUG -> Парсинг 26-10-2022T13:23:52 - 26.10.2022 
[27-03-2025 13:12:03]-[utilites::dates::test:609]:⚙ DEBUG -> Парсинг 26 октября 2020 - 26 октября 2020 
[27-03-2025 13:12:03]-[utilites::dates::test:615]:⚙ DEBUG -> Парсинг в формате mssql: 2022-10-26 13:23:52.412 - 2022-10-26 13:23:52.000 - 0 
[27-03-2025 13:12:03]-[utilites::dates::test:616]:⚙ DEBUG -> Вывод в формате DotDate: 26.10.2022
[27-03-2025 13:12:03]-[utilites::dates::test:617]:⚙ DEBUG -> Вывод в формате Serialize: 2022-10-26T13:23:52
[27-03-2025 13:12:03]-[utilites::dates::test:618]:⚙ DEBUG -> Вывод в формате OnlyDate: 26-10-2022
[27-03-2025 13:12:03]-[utilites::dates::test:619]:⚙ DEBUG -> Вывод в формате SerializeReverse: 26-10-2022T13:23:52
[27-03-2025 13:12:03]-[utilites::dates::test:620]:⚙ DEBUG -> Вывод в формате FullDate: 26 октября 2022
[27-03-2025 13:12:03]-[utilites::dates::test:621]:⚙ DEBUG -> Тукущее время: 2025-03-27T13:12:03
[27-03-2025 13:12:03]-[utilites::dates::test:622]:⚙ DEBUG -> Дата 12 12 2056: 2056-12-12T00:00:00
[27-03-2025 13:12:23]-[utilites::dates::test:606]:⚙ DEBUG -> Парсинг 26-10-2022T13:23:52 - 26.10.2022 
[27-03-2025 13:12:23]-[utilites::dates::test:609]:⚙ DEBUG -> Парсинг 26 октября 2020 - 26 октября 2020 
[27-03-2025 13:12:23]-[utilites::dates::test:615]:⚙ DEBUG -> Парсинг в формате mssql: 2022-10-26 13:23:52.412 - 2022-10-26 13:23:52.000 - 0 
[27-03-2025 13:12:23]-[utilites::dates::test:616]:⚙ DEBUG -> Вывод в формате DotDate: 26.10.2022
[27-03-2025 13:12:23]-[utilites::dates::test:617]:⚙ DEBUG -> Вывод в формате Serialize: 2022-10-26T13:23:52
[27-03-2025 13:12:23]-[utilites::dates::test:618]:⚙ DEBUG -> Вывод в формате OnlyDate: 26-10-2022
[27-03-2025 13:12:23]-[utilites::dates::test:619]:⚙ DEBUG -> Вывод в формате SerializeReverse: 26-10-2022T13:23:52
[27-03-2025 13:12:23]-[utilites::dates::test:620]:⚙ DEBUG -> Вывод в формате FullDate: 26 октября 2022
[27-03-2025 13:12:23]-[utilites::dates::test:621]:⚙ DEBUG -> Тукущее время: 2025-03-27T13:12:23
[27-03-2025 13:12:23]-[utilites::dates::test:622]:⚙ DEBUG -> Дата 12 12 2056: 2056-12-12T00:00:00
[27-03-2025 13:12:46]-[utilites::dates::test:606]:⚙ DEBUG -> Парсинг 26-10-2022T13:23:52 - 26.10.2022 
[27-03-2025 13:12:46]-[utilites::dates::test:609]:⚙ DEBUG -> Парсинг 26 октября 2020 - 26 октября 2020 
[27-03-2025 13:12:46]-[utilites::dates::test:615]:⚙ DEBUG -> Парсинг в формате mssql: 2022-10-26 13:23:52.412 - 2022-10-26 13:23:52.000 - 0 
[27-03-2025 13:12:46]-[utilites::dates::test:616]:⚙ DEBUG -> Вывод в формате DotDate: 26.10.2022
[27-03-2025 13:12:46]-[utilites::dates::test:617]:⚙ DEBUG -> Вывод в формате Serialize: 2022-10-26T13:23:52
[27-03-2025 13:12:46]-[utilites::dates::test:618]:⚙ DEBUG -> Вывод в формате OnlyDate: 26-10-2022
[27-03-2025 13:12:46]-[utilites::dates::test:619]:⚙ DEBUG -> Вывод в формате SerializeReverse: 26-10-2022T13:23:52
[27-03-2025 13:12:46]-[utilites::dates::test:620]:⚙ DEBUG -> Вывод в формате FullDate: 26 октября 2022
[27-03-2025 13:12:46]-[utilites::dates::test:621]:⚙ DEBUG -> Тукущее время: 2025-03-27T13:12:46
[27-03-2025 13:12:46]-[utilites::dates::test:622]:⚙ DEBUG -> Дата 12 12 2056: 2056-12-12T00:00:00
[27-03-2025 13:13:46]-[utilites::dates::test:606]:⚙ DEBUG -> Парсинг 26-10-2022T13:23:52 - 26.10.2022 
[27-03-2025 13:13:46]-[utilites::dates::test:609]:⚙ DEBUG -> Парсинг 26 октября 2020 - 26 октября 2020 
[27-03-2025 13:13:46]-[utilites::dates::test:615]:⚙ DEBUG -> Парсинг в формате mssql: 2022-10-26 13:23:52.412 - 2022-10-26 13:23:52.000000412.000 - 0 
[27-03-2025 13:13:46]-[utilites::dates::test:616]:⚙ DEBUG -> Вывод в формате DotDate: 26.10.2022
[27-03-2025 13:13:46]-[utilites::dates::test:617]:⚙ DEBUG -> Вывод в формате Serialize: 2022-10-26T13:23:52
[27-03-2025 13:13:46]-[utilites::dates::test:618]:⚙ DEBUG -> Вывод в формате OnlyDate: 26-10-2022
[27-03-2025 13:13:46]-[utilites::dates::test:619]:⚙ DEBUG -> Вывод в формате SerializeReverse: 26-10-2022T13:23:52
[27-03-2025 13:13:46]-[utilites::dates::test:620]:⚙ DEBUG -> Вывод в формате FullDate: 26 октября 2022
[27-03-2025 13:13:46]-[utilites::dates::test:621]:⚙ DEBUG -> Тукущее время: 2025-03-27T13:13:46
[27-03-2025 13:13:46]-[utilites::dates::test:622]:⚙ DEBUG -> Дата 12 12 2056: 2056-12-12T00:00:00
[27-03-2025 13:18:03]-[utilites::dates::test:607]:⚙ DEBUG -> Парсинг 26-10-2022T13:23:52 - 26.10.2022 
[27-03-2025 13:18:03]-[utilites::dates::test:610]:⚙ DEBUG -> Парсинг 26 октября 2020 - 26 октября 2020 
[27-03-2025 13:18:03]-[utilites::dates::test:616]:⚙ DEBUG -> Парсинг в формате mssql: 2022-10-26 13:23:52.412 - 2022-10-26 13:23:52.412 - 0 
[27-03-2025 13:18:03]-[utilites::dates::test:617]:⚙ DEBUG -> Вывод в формате DotDate: 26.10.2022
[27-03-2025 13:18:03]-[utilites::dates::test:618]:⚙ DEBUG -> Вывод в формате Serialize: 2022-10-26T13:23:52
[27-03-2025 13:18:03]-[utilites::dates::test:619]:⚙ DEBUG -> Вывод в формате OnlyDate: 26-10-2022
[27-03-2025 13:18:03]-[utilites::dates::test:620]:⚙ DEBUG -> Вывод в формате SerializeReverse: 26-10-2022T13:23:52
[27-03-2025 13:18:03]-[utilites::dates::test:621]:⚙ DEBUG -> Вывод в формате FullDate: 26 октября 2022
[27-03-2025 13:18:03]-[utilites::dates::test:622]:⚙ DEBUG -> Тукущее время: 2025-03-27T13:18:03
[27-03-2025 13:18:03]-[utilites::dates::test:623]:⚙ DEBUG -> Дата 12 12 2056: 2056-12-12T00:00:00
[27-03-2025 13:19:02]-[utilites::dates::test:607]:⚙ DEBUG -> Парсинг 26-10-2022T13:23:52 - 26.10.2022 
[27-03-2025 13:19:02]-[utilites::dates::test:610]:⚙ DEBUG -> Парсинг 26 октября 2020 - 26 октября 2020 
[27-03-2025 13:19:02]-[utilites::dates::test:616]:⚙ DEBUG -> Парсинг в формате mssql: 2022-10-26 13:23:52.412 - 2022-10-26 13:23:52.412 
[27-03-2025 13:19:02]-[utilites::dates::test:618]:⚙ DEBUG -> Вывод в формате DotDate: 26.10.2022
[27-03-2025 13:19:02]-[utilites::dates::test:619]:⚙ DEBUG -> Вывод в формате Serialize: 2022-10-26T13:23:52
[27-03-2025 13:19:02]-[utilites::dates::test:620]:⚙ DEBUG -> Вывод в формате OnlyDate: 26-10-2022
[27-03-2025 13:19:02]-[utilites::dates::test:621]:⚙ DEBUG -> Вывод в формате SerializeReverse: 26-10-2022T13:23:52
[27-03-2025 13:19:02]-[utilites::dates::test:622]:⚙ DEBUG -> Вывод в формате FullDate: 26 октября 2022
[27-03-2025 13:19:02]-[utilites::dates::test:623]:⚙ DEBUG -> Тукущее время: 2025-03-27T13:19:02
[27-03-2025 13:19:02]-[utilites::dates::test:624]:⚙ DEBUG -> Дата 12 12 2056: 2056-12-12T00:00:00
