[29-10-2024 18:05:34]-[utilites::io:92]:💬 Информация -> Файл /hard/xar/projects/test_data/copy_from_in_test_data/in3/15943916/envelope.ltr открыт в кодировке windows-1251
[29-10-2024 18:06:29]-[utilites::io:92]:💬 Информация -> Файл /hard/xar/projects/test_data/copy_from_in_test_data/in3/15943916/envelope.ltr открыт в кодировке windows-1251
[29-10-2024 18:06:29]-[utilites::io::tests:108]:💬 Информация -> [ПИСЬМО КП ПС СЗИ]
ТЕМА=ЭСД МЭДО (2509 от 29.12.2021 {65B41130-65D9-4BC1-A211-D45FF7A4E95D})
АВТООТПРАВКА=1
ЭЦП=0
ДОСТАВЛЕНО=1
ПРОЧТЕНО=1
ДАТА=03.01.2022 16:50:22



[АДРЕСАТЫ]
0=WH-MEDO~APRF
[ФАЙЛЫ]
0=text0000000000.pdf
1=document.xml
[ТЕКСТ]
ФАЙЛ=annotation.txt

[29-10-2024 18:07:34]-[utilites::io:80]:💬 Информация -> Файл /hard/xar/projects/test_data/copy_from_in_test_data/in3/15943916/document.xml открыт в кодировке utf8
[29-10-2024 18:07:34]-[utilites::io::tests:116]:💬 Информация -> ﻿<?xml version="1.0" encoding="utf-8"?>
<xdms:communication xdms:version="2.5" xmlns:xdms="http://www.infpres.com/IEDMS" xmlns:xsi="http://www.w3.org/2001/XMLSchema-instance">
  <xdms:header xdms:type="Документ" xdms:uid="CD10C6F2-7859-4EFE-A1CC-E634DD115998" xdms:created="2022-01-03T16:50:07.190">
    <xdms:source xdms:uid="6D8C1EF5-A5EA-4DD9-A97D-5EE80F0663B1">
      <xdms:organization>Аппарат Правительства Российской Федерации</xdms:organization>
    </xdms:source>
    <xdms:comment>dpmedosql-02\iedms</xdms:comment>
  </xdms:header> 
  <xdms:document xdms:uid="65B41130-65D9-4BC1-A211-D45FF7A4E95D" xdms:id="1464589269597">
    <xdms:kind xdms:id="1262720385127" xdms:retro="false" xdms:modified="2021-07-22T12:35:34.090">Постановление Правительства</xdms:kind>
    <xdms:num>
      <xdms:number>2509</xdms:number>
      <xdms:date>2021-12-29</xdms:date>
    </xdms:num>
    <xdms:signatories>
      <xdms:signatory>
        <xdms:person xdms:id="1425929143490" xdms:retro="false" xdms:modified="2020-04-15T08:56:25.057">Мишустин Михаил Владимирович</xdms:person>
        <xdms:department xdms:id="1206885814554" xdms:retro="false" xdms:modified="2020-01-17T15:54:17.717">Секретариат Мишустина М.В. (П19)</xdms:department>
        <xdms:post xdms:id="1447403978835" xdms:retro="false" xdms:modified="2005-06-07T15:58:41.093">Председатель Правительства Российской Федерации</xdms:post>
        <xdms:signed>2021-12-28</xdms:signed>
      </xdms:signatory>
    </xdms:signatories>
    <xdms:addressees>
      <xdms:addressee>
        <xdms:region xdms:id="1468878815419" xdms:retro="false" xdms:modified="1900-01-01T00:00:00">г.Москва</xdms:region>
        <xdms:organization xdms:id="1206885810986" xdms:retro="false" xdms:modified="2012-03-01T14:38:20.317">Аппарат Правительства Российской Федерации</xdms:organization>
        <xdms:person xdms:id="1425929149725" xdms:retro="false" xdms:modified="2021-09-06T20:45:26.210">Никитина Марина Андреевна</xdms:person>
        <xdms:department xdms:id="1206885814648" xdms:retro="false" xdms:modified="2021-03-18T15:21:40.523">Департамент культуры, спорта, туризма и национальной политики (П44)</xdms:department>
        <xdms:post xdms:id="1447403978922" xdms:retro="false" xdms:modified="2006-10-27T13:35:48.253">главный консультант</xdms:post>
      </xdms:addressee>
      <xdms:addressee>
        <xdms:region xdms:id="1468878815419" xdms:retro="false" xdms:modified="1900-01-01T00:00:00">г.Москва</xdms:region>
        <xdms:organization xdms:id="1206885811188" xdms:retro="false" xdms:modified="2020-07-07T17:56:27.107">Руководитель Администрации Президента Российской Федерации</xdms:organization>
      </xdms:addressee>
      <xdms:addressee>
        <xdms:region xdms:id="1468878815419" xdms:retro="false" xdms:modified="1900-01-01T00:00:00">г.Москва</xdms:region>
        <xdms:organization xdms:id="1206885811189" xdms:retro="false" xdms:modified="2020-07-07T17:56:27.153">Государственно-правовое управление Президента Российской Федерации</xdms:organization>
      </xdms:addressee>
      <xdms:addressee>
        <xdms:organization>Парламентская библиотека</xdms:organization>
      </xdms:addressee>
      <xdms:addressee>
        <xdms:region xdms:id="1468878815419" xdms:retro="false" xdms:modified="1900-01-01T00:00:00">г.Москва</xdms:region>
        <xdms:organization xdms:id="1206885810986" xdms:retro="false" xdms:modified="2012-03-01T14:38:20.317">Аппарат Правительства Российской Федерации</xdms:organization>
        <xdms:department xdms:id="1206885814952" xdms:retro="false" xdms:modified="2020-09-23T18:06:34.400">Отдел обеспечения деятельности архива Правительства Российской Федерации</xdms:department>
      </xdms:addressee>
      <xdms:addressee>
        <xdms:region xdms:id="1468878815419" xdms:retro="false" xdms:modified="1900-01-01T00:00:00">г.Москва</xdms:region>
        <xdms:organization xdms:id="1206885810986" xdms:retro="false" xdms:modified="2012-03-01T14:38:20.317">Аппарат Правительства Российской Федерации</xdms:organization>
        <xdms:department xdms:id="1206885814578" xdms:retro="false" xdms:modified="2021-03-16T10:07:24.620">Департамент пресс-службы и референтуры (П39)</xdms:department>
      </xdms:addressee>
      <xdms:addressee>
        <xdms:region xdms:id="1468878815419" xdms:retro="false" xdms:modified="1900-01-01T00:00:00">г.Москва</xdms:region>
        <xdms:organization xdms:id="1206885810986" xdms:retro="false" xdms:modified="2012-03-01T14:38:20.317">Аппарат Правительства Российской Федерации</xdms:organization>
        <xdms:person xdms:id="1425929147754" xdms:retro="false" xdms:modified="2020-04-09T16:42:53.183">Дербенев Евгений Анатольевич</xdms:person>
        <xdms:department xdms:id="1206885814641" xdms:retro="false" xdms:modified="2021-03-18T15:21:10.097">Департамент контроля (П43)</xdms:department>
        <xdms:post xdms:id="1447403978794" xdms:retro="false" xdms:modified="2016-12-16T16:33:30.710">директор</xdms:post>
      </xdms:addressee>
      <xdms:addressee>
        <xdms:region xdms:id="1468878815419" xdms:retro="false" xdms:modified="1900-01-01T00:00:00">г.Москва</xdms:region>
        <xdms:organization xdms:id="1206885810669" xdms:retro="false" xdms:modified="2021-01-17T14:29:28.997">МВД России</xdms:organization>
      </xdms:addressee>
      <xdms:addressee>
        <xdms:organization xdms:id="1206885814337" xdms:retro="false" xdms:modified="2019-08-15T11:58:19.083">Минвостокразвития России</xdms:organization>
      </xdms:addressee>
      <xdms:addressee>
        <xdms:region xdms:id="1468878815419" xdms:retro="false" xdms:modified="1900-01-01T00:00:00">г.Москва</xdms:region>
        <xdms:organization xdms:id="1206885810671" xdms:retro="false" xdms:modified="2021-01-17T14:29:29.020">МЧС России</xdms:organization>
      </xdms:addressee>
      <xdms:addressee>
        <xdms:region xdms:id="1468878815419" xdms:retro="false" xdms:modified="1900-01-01T00:00:00">г.Москва</xdms:region>
        <xdms:organization xdms:id="1206885813527" xdms:retro="false" xdms:modified="2018-03-29T14:40:30.230">Минздрав России</xdms:organization>
      </xdms:addressee>
      <xdms:addressee>
        <xdms:region xdms:id="1468878815419" xdms:retro="false" xdms:modified="1900-01-01T00:00:00">г.Москва</xdms:region>
        <xdms:organization xdms:id="1206885810675" xdms:retro="false" xdms:modified="2021-01-17T14:29:29.047">МИД России</xdms:organization>
      </xdms:addressee>
      <xdms:addressee>
        <xdms:region xdms:id="1468878815419" xdms:retro="false" xdms:modified="1900-01-01T00:00:00">г.Москва</xdms:region>
        <xdms:organization xdms:id="1206885812837" xdms:retro="false" xdms:modified="2018-03-29T14:41:41.507">Минкультуры России</xdms:organization>
      </xdms:addressee>
      <xdms:addressee>
        <xdms:region xdms:id="1468878815419" xdms:retro="false" xdms:modified="1900-01-01T00:00:00">г.Москва</xdms:region>
        <xdms:organization xdms:id="1206885814213" xdms:retro="false" xdms:modified="2019-12-03T17:18:49.877">Минобрнауки России</xdms:organization>
      </xdms:addressee>
      <xdms:addressee>
        <xdms:region xdms:id="1468878815419" xdms:retro="false" xdms:modified="1900-01-01T00:00:00">г.Москва</xdms:region>
        <xdms:organization xdms:id="1206885810679" xdms:retro="false" xdms:modified="2021-01-18T09:49:46.013">Минобороны России</xdms:organization>
      </xdms:addressee>
      <xdms:addressee>
        <xdms:region xdms:id="1468878815419" xdms:retro="false" xdms:modified="1900-01-01T00:00:00">г.Москва</xdms:region>
        <xdms:organization xdms:id="1206885812838" xdms:retro="false" xdms:modified="2018-03-29T14:46:24.273">Минприроды России</xdms:organization>
      </xdms:addressee>
      <xdms:addressee>
        <xdms:region xdms:id="1468878815419" xdms:retro="false" xdms:modified="1900-01-01T00:00:00">г.Москва</xdms:region>
        <xdms:organization xdms:id="1206885812826" xdms:retro="false" xdms:modified="2018-03-29T14:48:00.473">Минпромторг России</xdms:organization>
      </xdms:addressee>
      <xdms:addressee>
        <xdms:region xdms:id="1468878815419" xdms:retro="false" xdms:modified="1900-01-01T00:00:00">г.Москва</xdms:region>
        <xdms:organization xdms:id="1206885814212" xdms:retro="false" xdms:modified="2018-10-23T11:09:18.097">Минпросвещения России</xdms:organization>
      </xdms:addressee>
      <xdms:addressee>
        <xdms:region xdms:id="1468878815419" xdms:retro="false" xdms:modified="1900-01-01T00:00:00">г.Москва</xdms:region>
        <xdms:organization xdms:id="1206885810684" xdms:retro="false" xdms:modified="2019-08-15T09:43:28.143">Минсельхоз России</xdms:organization>
      </xdms:addressee>
      <xdms:addressee>
        <xdms:region xdms:id="1468878815419" xdms:retro="false" xdms:modified="1900-01-01T00:00:00">г.Москва</xdms:region>
        <xdms:organization xdms:id="1206885813526" xdms:retro="false" xdms:modified="2018-03-29T14:50:03.903">Минспорт России</xdms:organization>
      </xdms:addressee>
      <xdms:addressee>
        <xdms:region xdms:id="1468878815419" xdms:retro="false" xdms:modified="1900-01-01T00:00:00">г.Москва</xdms:region>
        <xdms:organization xdms:id="1206885813675" xdms:retro="false" xdms:modified="2018-03-29T14:51:14.377">Минстрой России</xdms:organization>
      </xdms:addressee>
      <xdms:addressee>
        <xdms:region xdms:id="1468878815419" xdms:retro="false" xdms:modified="1900-01-01T00:00:00">г.Москва</xdms:region>
        <xdms:organization xdms:id="1206885811571" xdms:retro="false" xdms:modified="2020-11-24T20:05:07.080">Минтранс России</xdms:organization>
      </xdms:addressee>
      <xdms:addressee>
        <xdms:region xdms:id="1468878815419" xdms:retro="false" xdms:modified="1900-01-01T00:00:00">г.Москва</xdms:region>
        <xdms:organization xdms:id="1206885813523" xdms:retro="false" xdms:modified="2018-03-29T14:53:41.557">Минтруд России</xdms:organization>
      </xdms:addressee>
      <xdms:addressee>
        <xdms:region xdms:id="1468878815419" xdms:retro="false" xdms:modified="1900-01-01T00:00:00">г.Москва</xdms:region>
        <xdms:organization xdms:id="1206885810688" xdms:retro="false" xdms:modified="2018-03-29T14:33:44.273">Минфин России</xdms:organization>
      </xdms:addressee>
      <xdms:addressee>
        <xdms:region xdms:id="1468878815419" xdms:retro="false" xdms:modified="1900-01-01T00:00:00">г.Москва</xdms:region>
        <xdms:organization xdms:id="1206885814211" xdms:retro="false" xdms:modified="2020-09-18T21:08:22.350">Минцифры России</xdms:organization>
      </xdms:addressee>
      <xdms:addressee>
        <xdms:region xdms:id="1468878815419" xdms:retro="false" xdms:modified="1900-01-01T00:00:00">г.Москва</xdms:region>
        <xdms:organization xdms:id="1206885812840" xdms:retro="false" xdms:modified="2020-11-24T19:55:04.183">Минэкономразвития России</xdms:organization>
      </xdms:addressee>
      <xdms:addressee>
        <xdms:region xdms:id="1468878815419" xdms:retro="false" xdms:modified="1900-01-01T00:00:00">г.Москва</xdms:region>
        <xdms:organization xdms:id="1206885812836" xdms:retro="false" xdms:modified="2018-03-29T14:55:48.563">Минэнерго России</xdms:organization>
      </xdms:addressee>
      <xdms:addressee>
        <xdms:region xdms:id="1468878815419" xdms:retro="false" xdms:modified="1900-01-01T00:00:00">г.Москва</xdms:region>
        <xdms:organization xdms:id="1206885810690" xdms:retro="false" xdms:modified="2021-01-17T14:29:29.097">Минюст России</xdms:organization>
      </xdms:addressee>
      <xdms:addressee>
        <xdms:region xdms:id="1468878815419" xdms:retro="false" xdms:modified="1900-01-01T00:00:00">г.Москва</xdms:region>
        <xdms:organization xdms:id="1206885810724" xdms:retro="false" xdms:modified="2005-07-27T12:11:43.890">Управление делами Президента Российской Федерации</xdms:organization>
      </xdms:addressee>
      <xdms:addressee>
        <xdms:region xdms:id="1468878815419" xdms:retro="false" xdms:modified="1900-01-01T00:00:00">г.Москва</xdms:region>
        <xdms:organization xdms:id="1206885810725" xdms:retro="false" xdms:modified="2007-10-09T17:40:58.150">ГУСП</xdms:organization>
      </xdms:addressee>
      <xdms:addressee>
        <xdms:region xdms:id="1468878815419" xdms:retro="false" xdms:modified="1900-01-01T00:00:00">г.Москва</xdms:region>
        <xdms:organization xdms:id="1206885810699" xdms:retro="false" xdms:modified="2021-01-17T14:35:32.360">ГФС России</xdms:organization>
      </xdms:addressee>
      <xdms:addressee>
        <xdms:region xdms:id="1468878815419" xdms:retro="false" xdms:modified="1900-01-01T00:00:00">г.Москва</xdms:region>
        <xdms:organization xdms:id="1206885810703" xdms:retro="false" xdms:modified="2021-01-17T14:35:32.403">СВР России</xdms:organization>
      </xdms:addressee>
      <xdms:addressee>
        <xdms:region xdms:id="1468878815419" xdms:retro="false" xdms:modified="1900-01-01T00:00:00">г.Москва</xdms:region>
        <xdms:organization xdms:id="1206885811598" xdms:retro="false" xdms:modified="2019-07-05T10:01:18.630">ФАС России</xdms:organization>
      </xdms:addressee>
      <xdms:addressee>
        <xdms:region xdms:id="1468878815419" xdms:retro="false" xdms:modified="1900-01-01T00:00:00">г.Москва</xdms:region>
        <xdms:organization xdms:id="1206885811745" xdms:retro="false" xdms:modified="2007-09-26T17:28:29.480">ФМБА России</xdms:organization>
      </xdms:addressee>
      <xdms:addressee>
        <xdms:region xdms:id="1468878815419" xdms:retro="false" xdms:modified="1900-01-01T00:00:00">г.Москва</xdms:region>
        <xdms:organization xdms:id="1206885811590" xdms:retro="false" xdms:modified="2018-03-16T14:07:11.570">ФНС России</xdms:organization>
      </xdms:addressee>
      <xdms:addressee>
        <xdms:region xdms:id="1468878815419" xdms:retro="false" xdms:modified="1900-01-01T00:00:00">г.Москва</xdms:region>
        <xdms:organization xdms:id="1206885810702" xdms:retro="false" xdms:modified="2021-01-17T14:35:32.380">ФСБ России</xdms:organization>
      </xdms:addressee>
      <xdms:addressee>
        <xdms:region xdms:id="1468878815419" xdms:retro="false" xdms:modified="1900-01-01T00:00:00">г.Москва</xdms:region>
        <xdms:organization xdms:id="1206885811576" xdms:retro="false" xdms:modified="2021-01-17T14:35:32.517">ФСИН России</xdms:organization>
      </xdms:addressee>
      <xdms:addressee>
        <xdms:region xdms:id="1468878815419" xdms:retro="false" xdms:modified="1900-01-01T00:00:00">г.Москва</xdms:region>
        <xdms:organization xdms:id="1206885810708" xdms:retro="false" xdms:modified="2021-01-17T14:35:32.437">ФСО России</xdms:organization>
      </xdms:addressee>
      <xdms:addressee>
        <xdms:region xdms:id="1468878815419" xdms:retro="false" xdms:modified="1900-01-01T00:00:00">г.Москва</xdms:region>
        <xdms:organization xdms:id="1206885811578" xdms:retro="false" xdms:modified="2021-01-17T14:35:32.533">ФССП России</xdms:organization>
      </xdms:addressee>
      <xdms:addressee>
        <xdms:region xdms:id="1468878815419" xdms:retro="false" xdms:modified="1900-01-01T00:00:00">г.Москва</xdms:region>
        <xdms:organization xdms:id="1206885811596" xdms:retro="false" xdms:modified="2018-03-16T14:06:14.210">ФТС России</xdms:organization>
      </xdms:addressee>
      <xdms:addressee>
        <xdms:region xdms:id="1468878815419" xdms:retro="false" xdms:modified="1900-01-01T00:00:00">г.Москва</xdms:region>
        <xdms:organization xdms:id="1206885811593" xdms:retro="false" xdms:modified="2021-01-17T14:35:32.560">Росфинмониторинг</xdms:organization>
      </xdms:addressee>
      <xdms:addressee>
        <xdms:region xdms:id="1468878815419" xdms:retro="false" xdms:modified="1900-01-01T00:00:00">г.Москва</xdms:region>
        <xdms:organization xdms:id="1206885813884" xdms:retro="false" xdms:modified="2020-07-07T21:31:02.487">Госкорпорация &quot;Роскосмос&quot;</xdms:organization>
      </xdms:addressee>
      <xdms:addressee>
        <xdms:region xdms:id="1468878815419" xdms:retro="false" xdms:modified="1900-01-01T00:00:00">г.Москва</xdms:region>
        <xdms:organization xdms:id="1206885811595" xdms:retro="false" xdms:modified="2005-07-27T15:58:34.280">Росстат</xdms:organization>
      </xdms:addressee>
      <xdms:addressee>
        <xdms:region xdms:id="1468878815419" xdms:retro="false" xdms:modified="1900-01-01T00:00:00">г.Москва</xdms:region>
        <xdms:organization xdms:id="1206885812796" xdms:retro="false" xdms:modified="2020-07-07T21:31:02.247">Госкорпорация &quot;Росатом&quot;</xdms:organization>
      </xdms:addressee>
      <xdms:addressee>
        <xdms:region xdms:id="1468878815419" xdms:retro="false" xdms:modified="1900-01-01T00:00:00">г.Москва</xdms:region>
        <xdms:organization xdms:id="1206885812839" xdms:retro="false" xdms:modified="2008-07-18T15:51:47.927">Росрыболовство</xdms:organization>
      </xdms:addressee>
      <xdms:addressee>
        <xdms:region xdms:id="1468878815419" xdms:retro="false" xdms:modified="1900-01-01T00:00:00">г.Москва</xdms:region>
        <xdms:organization xdms:id="1206885812944" xdms:retro="false" xdms:modified="2009-03-10T09:40:29.973">Росалкогольрегулирование</xdms:organization>
      </xdms:addressee>
      <xdms:addressee>
        <xdms:organization xdms:id="1206885813335" xdms:retro="false" xdms:modified="2014-07-16T17:39:27.470">Спецсвязь ФСО России</xdms:organization>
        <xdms:department xdms:id="1206885813577" xdms:retro="false" xdms:modified="2012-11-20T11:46:46.737">УОПИ</xdms:department>
      </xdms:addressee>
      <xdms:addressee>
        <xdms:region xdms:id="1468878815419" xdms:retro="false" xdms:modified="1900-01-01T00:00:00">г.Москва</xdms:region>
        <xdms:organization xdms:id="1206885810789" xdms:retro="false" xdms:modified="2020-07-07T19:02:14.837">ЦИК России</xdms:organization>
      </xdms:addressee>
      <xdms:addressee>
        <xdms:region xdms:id="1468878815419" xdms:retro="false" xdms:modified="1900-01-01T00:00:00">г.Москва</xdms:region>
        <xdms:organization xdms:id="1206885810773" xdms:retro="false" xdms:modified="2020-07-07T19:02:14.613">Банк России</xdms:organization>
      </xdms:addressee>
      <xdms:addressee>
        <xdms:region xdms:id="1468878815419" xdms:retro="false" xdms:modified="1900-01-01T00:00:00">г.Москва</xdms:region>
        <xdms:organization xdms:id="1206885810788" xdms:retro="false" xdms:modified="2020-07-07T19:02:14.770">Счетная палата Российской Федерации</xdms:organization>
      </xdms:addressee>
      <xdms:addressee>
        <xdms:region xdms:id="1468878815419" xdms:retro="false" xdms:modified="1900-01-01T00:00:00">г.Москва</xdms:region>
        <xdms:organization xdms:id="1206885811685" xdms:retro="false" xdms:modified="2020-07-07T17:56:28.070">Управление информационного и документационного обеспечения Президента Российской Федерации</xdms:organization>
      </xdms:addressee>
      <xdms:addressee>
        <xdms:region xdms:id="1468878815419" xdms:retro="false" xdms:modified="1900-01-01T00:00:00">г.Москва</xdms:region>
        <xdms:organization xdms:id="1206885811622" xdms:retro="false" xdms:modified="2005-07-27T15:13:31.047">Росрезерв</xdms:organization>
      </xdms:addressee>
      <xdms:addressee>
        <xdms:region xdms:id="1468878815419" xdms:retro="false" xdms:modified="1900-01-01T00:00:00">г.Москва</xdms:region>
        <xdms:organization xdms:id="1206885811584" xdms:retro="false" xdms:modified="2005-07-27T15:13:29.640">Росприроднадзор</xdms:organization>
      </xdms:addressee>
      <xdms:addressee>
        <xdms:region xdms:id="1468878815419" xdms:retro="false" xdms:modified="1900-01-01T00:00:00">г.Москва</xdms:region>
        <xdms:organization xdms:id="1206885812834" xdms:retro="false" xdms:modified="2008-07-23T10:47:33.900">Росимущество</xdms:organization>
      </xdms:addressee>
      <xdms:addressee>
        <xdms:region xdms:id="1468878815419" xdms:retro="false" xdms:modified="1900-01-01T00:00:00">г.Москва</xdms:region>
        <xdms:organization xdms:id="1206885811579" xdms:retro="false" xdms:modified="2021-07-16T10:44:56.077">Роспотребнадзор</xdms:organization>
      </xdms:addressee>
      <xdms:addressee>
        <xdms:organization xdms:id="1206885812727" xdms:retro="false" xdms:modified="2020-07-10T14:48:06.340">Аналитический центр при Правительстве Российской Федерации</xdms:organization>
      </xdms:addressee>
      <xdms:addressee>
        <xdms:region xdms:id="1468878815419" xdms:retro="false" xdms:modified="1900-01-01T00:00:00">г.Москва</xdms:region>
        <xdms:organization xdms:id="1206885811609" xdms:retro="false" xdms:modified="2013-08-06T15:09:16.060">Роснедра</xdms:organization>
      </xdms:addressee>
      <xdms:addressee>
        <xdms:region xdms:id="1468878815419" xdms:retro="false" xdms:modified="1900-01-01T00:00:00">г.Москва</xdms:region>
        <xdms:organization xdms:id="1206885811594" xdms:retro="false" xdms:modified="2005-07-25T14:52:27.670">Казначейство России</xdms:organization>
      </xdms:addressee>
      <xdms:addressee>
        <xdms:region xdms:id="1468878815415" xdms:retro="false" xdms:modified="1900-01-01T00:00:00">г.Санкт-Петербург</xdms:region>
        <xdms:organization xdms:id="1206885810768" xdms:retro="false" xdms:modified="2018-04-10T17:21:05.247">Конституционный Суд Российской Федерации</xdms:organization>
      </xdms:addressee>
      <xdms:addressee>
        <xdms:region xdms:id="1468878815419" xdms:retro="false" xdms:modified="1900-01-01T00:00:00">г.Москва</xdms:region>
        <xdms:organization xdms:id="1206885811150" xdms:retro="false" xdms:modified="2020-07-07T18:26:45.663">Верховный Суд Российской Федерации</xdms:organization>
      </xdms:addressee>
      <xdms:addressee>
        <xdms:region xdms:id="1468878815419" xdms:retro="false" xdms:modified="1900-01-01T00:00:00">г.Москва</xdms:region>
        <xdms:organization xdms:id="1206885811619" xdms:retro="false" xdms:modified="2007-10-05T11:33:13.267">Росавтодор</xdms:organization>
      </xdms:addressee>
      <xdms:addressee>
        <xdms:region xdms:id="1468878815419" xdms:retro="false" xdms:modified="1900-01-01T00:00:00">г.Москва</xdms:region>
        <xdms:organization xdms:id="1206885813344" xdms:retro="false" xdms:modified="2012-05-17T09:27:24.927">Роспатент</xdms:organization>
      </xdms:addressee>
      <xdms:addressee>
        <xdms:region xdms:id="1468878815419" xdms:retro="false" xdms:modified="1900-01-01T00:00:00">г.Москва</xdms:region>
        <xdms:organization xdms:id="1206885811602" xdms:retro="false" xdms:modified="2005-07-27T12:23:59.390">Росархив</xdms:organization>
      </xdms:addressee>
      <xdms:addressee>
        <xdms:organization xdms:id="1206885813528" xdms:retro="false" xdms:modified="2012-08-01T11:32:46.850">Росздравнадзор</xdms:organization>
      </xdms:addressee>
      <xdms:addressee>
        <xdms:region xdms:id="1468878815419" xdms:retro="false" xdms:modified="1900-01-01T00:00:00">г.Москва</xdms:region>
        <xdms:organization xdms:id="1206885811618" xdms:retro="false" xdms:modified="2007-10-05T11:33:13.250">Росавиация</xdms:organization>
      </xdms:addressee>
      <xdms:addressee>
        <xdms:region xdms:id="1468878815419" xdms:retro="false" xdms:modified="1900-01-01T00:00:00">г.Москва</xdms:region>
        <xdms:organization xdms:id="1206885812829" xdms:retro="false" xdms:modified="2017-12-25T17:51:03.450">Росмолодежь</xdms:organization>
      </xdms:addressee>
      <xdms:addressee>
        <xdms:region xdms:id="1468878815419" xdms:retro="false" xdms:modified="1900-01-01T00:00:00">г.Москва</xdms:region>
        <xdms:organization xdms:id="1206885811671" xdms:retro="false" xdms:modified="2018-03-06T11:05:07.827">Ростехнадзор</xdms:organization>
      </xdms:addressee>
      <xdms:addressee>
        <xdms:region xdms:id="1468878815419" xdms:retro="false" xdms:modified="1900-01-01T00:00:00">г.Москва</xdms:region>
        <xdms:organization xdms:id="1206885812930" xdms:retro="false" xdms:modified="2009-06-15T14:17:48.863">Роскомнадзор</xdms:organization>
      </xdms:addressee>
      <xdms:addressee>
        <xdms:region xdms:id="1468878815419" xdms:retro="false" xdms:modified="1900-01-01T00:00:00">г.Москва</xdms:region>
        <xdms:organization xdms:id="1206885814014" xdms:retro="false" xdms:modified="2021-01-17T14:35:32.580">Росгвардия</xdms:organization>
      </xdms:addressee>
      <xdms:addressee>
        <xdms:region xdms:id="1468878815419" xdms:retro="false" xdms:modified="1900-01-01T00:00:00">г.Москва</xdms:region>
        <xdms:organization xdms:id="1206885810709" xdms:retro="false" xdms:modified="2005-07-27T12:24:00.467">Росгидромет</xdms:organization>
      </xdms:addressee>
      <xdms:addressee>
        <xdms:region xdms:id="1468878815419" xdms:retro="false" xdms:modified="1900-01-01T00:00:00">г.Москва</xdms:region>
        <xdms:organization xdms:id="1206885811583" xdms:retro="false" xdms:modified="2005-07-27T15:13:28.250">Рособрнадзор</xdms:organization>
      </xdms:addressee>
      <xdms:addressee>
        <xdms:region xdms:id="1468878815419" xdms:retro="false" xdms:modified="1900-01-01T00:00:00">г.Москва</xdms:region>
        <xdms:organization xdms:id="1206885811577" xdms:retro="false" xdms:modified="2009-03-02T17:31:23.797">Росреестр</xdms:organization>
      </xdms:addressee>
      <xdms:addressee>
        <xdms:organization xdms:id="1206885813301" xdms:retro="false" xdms:modified="2010-07-16T13:35:20.180">Росстандарт</xdms:organization>
      </xdms:addressee>
      <xdms:addressee>
        <xdms:region xdms:id="1468878815419" xdms:retro="false" xdms:modified="1900-01-01T00:00:00">г.Москва</xdms:region>
        <xdms:organization xdms:id="1206885811589" xdms:retro="false" xdms:modified="2007-10-05T11:33:13.297">Ространснадзор</xdms:organization>
      </xdms:addressee>
      <xdms:addressee>
        <xdms:region xdms:id="1468878815419" xdms:retro="false" xdms:modified="1900-01-01T00:00:00">г.Москва</xdms:region>
        <xdms:organization xdms:id="1206885811607" xdms:retro="false" xdms:modified="2005-07-27T12:24:00.233">Росводресурсы</xdms:organization>
      </xdms:addressee>
      <xdms:addressee>
        <xdms:region xdms:id="1468878815419" xdms:retro="false" xdms:modified="1900-01-01T00:00:00">г.Москва</xdms:region>
        <xdms:organization xdms:id="1206885811747" xdms:retro="false" xdms:modified="2005-07-27T15:58:35.233">Ростуризм</xdms:organization>
      </xdms:addressee>
      <xdms:addressee>
        <xdms:region xdms:id="1468878815419" xdms:retro="false" xdms:modified="1900-01-01T00:00:00">г.Москва</xdms:region>
        <xdms:organization xdms:id="1206885811581" xdms:retro="false" xdms:modified="2005-07-27T15:58:35.187">Роструд</xdms:organization>
      </xdms:addressee>
      <xdms:addressee>
        <xdms:region xdms:id="1468878815419" xdms:retro="false" xdms:modified="1900-01-01T00:00:00">г.Москва</xdms:region>
        <xdms:organization xdms:id="1206885811587" xdms:retro="false" xdms:modified="2005-07-27T15:13:32.107">Россельхознадзор</xdms:organization>
      </xdms:addressee>
      <xdms:addressee>
        <xdms:region xdms:id="1468878815419" xdms:retro="false" xdms:modified="1900-01-01T00:00:00">г.Москва</xdms:region>
        <xdms:organization xdms:id="1206885811608" xdms:retro="false" xdms:modified="2018-03-16T14:08:36.610">Рослесхоз</xdms:organization>
      </xdms:addressee>
      <xdms:addressee>
        <xdms:region xdms:id="1468878815419" xdms:retro="false" xdms:modified="1900-01-01T00:00:00">г.Москва</xdms:region>
        <xdms:organization xdms:id="1206885811621" xdms:retro="false" xdms:modified="2007-10-05T11:33:13.280">Росморречфлот</xdms:organization>
      </xdms:addressee>
      <xdms:addressee>
        <xdms:region xdms:id="1468878815419" xdms:retro="false" xdms:modified="1900-01-01T00:00:00">г.Москва</xdms:region>
        <xdms:organization xdms:id="1206885811604" xdms:retro="false" xdms:modified="2007-09-28T10:38:14.807">Роспечать</xdms:organization>
      </xdms:addressee>
      <xdms:addressee>
        <xdms:region xdms:id="1468878815419" xdms:retro="false" xdms:modified="1900-01-01T00:00:00">г.Москва</xdms:region>
        <xdms:organization xdms:id="1206885812830" xdms:retro="false" xdms:modified="2009-01-26T13:19:09.983">Россотрудничество</xdms:organization>
      </xdms:addressee>
      <xdms:addressee>
        <xdms:region xdms:id="1468878815419" xdms:retro="false" xdms:modified="1900-01-01T00:00:00">г.Москва</xdms:region>
        <xdms:organization xdms:id="1206885811620" xdms:retro="false" xdms:modified="2007-10-05T11:33:13.267">Росжелдор</xdms:organization>
      </xdms:addressee>
      <xdms:addressee>
        <xdms:region xdms:id="1468878815419" xdms:retro="false" xdms:modified="1900-01-01T00:00:00">г.Москва</xdms:region>
        <xdms:organization xdms:id="1206885811430" xdms:retro="false" xdms:modified="2020-07-06T11:28:56.460">Совет Федерации Федерального Собрания Российской Федерации</xdms:organization>
      </xdms:addressee>
      <xdms:addressee>
        <xdms:organization xdms:id="1206885814542" xdms:retro="false" xdms:modified="2019-11-06T11:57:01.273">Федеральная пробирная палата</xdms:organization>
      </xdms:addressee>
      <xdms:addressee>
        <xdms:region xdms:id="1468878815419" xdms:retro="false" xdms:modified="1900-01-01T00:00:00">г.Москва</xdms:region>
        <xdms:organization xdms:id="1206885813345" xdms:retro="false" xdms:modified="2011-12-15T15:20:50.633">Росаккредитация</xdms:organization>
      </xdms:addressee>
      <xdms:addressee>
        <xdms:region xdms:id="1468878815419" xdms:retro="false" xdms:modified="1900-01-01T00:00:00">г.Москва</xdms:region>
        <xdms:organization xdms:id="1206885811429" xdms:retro="false" xdms:modified="2018-03-16T12:26:21.813">Государственная Дума Федерального Собрания Российской Федерации</xdms:organization>
      </xdms:addressee>
      <xdms:addressee>
        <xdms:region xdms:id="1468878815419" xdms:retro="false" xdms:modified="1900-01-01T00:00:00">г.Москва</xdms:region>
        <xdms:organization xdms:id="1206885811146" xdms:retro="false" xdms:modified="2018-04-10T10:37:49.723">Генеральная прокуратура Российской Федерации</xdms:organization>
      </xdms:addressee>
      <xdms:addressee>
        <xdms:organization xdms:id="1206885813309" xdms:retro="false" xdms:modified="2010-10-27T11:28:06.617">Следственный комитет Российской Федерации</xdms:organization>
      </xdms:addressee>
      <xdms:addressee>
        <xdms:organization xdms:id="1206885810772" xdms:retro="false" xdms:modified="2020-07-07T18:48:29.503">Судебный департамент при Верховном Суде Российской Федерации</xdms:organization>
      </xdms:addressee>
    </xdms:addressees>
    <xdms:pages>9</xdms:pages>
    <xdms:annotation>О внесении изменений в некоторые акты Правительства Российской Федерации по вопросу реализации мер по социальной поддержке молодежи в возрасте от 14 до 22 лет для повышения доступности организаций культуры</xdms:annotation>
    <xdms:correspondents>
      <xdms:correspondent>
        <xdms:region xdms:id="1468878815419" xdms:retro="false" xdms:modified="1900-01-01T00:00:00">г.Москва</xdms:region>
        <xdms:organization xdms:id="1206885810986" xdms:retro="false" xdms:modified="2012-03-01T14:38:20.317">Аппарат Правительства Российской Федерации</xdms:organization>
        <xdms:person xdms:id="1425929143490" xdms:retro="false" xdms:modified="2020-04-15T08:56:25.057">Мишустин Михаил Владимирович</xdms:person>
        <xdms:department xdms:id="1206885814554" xdms:retro="false" xdms:modified="2020-01-17T15:54:17.717">Секретариат Мишустина М.В. (П19)</xdms:department>
        <xdms:post xdms:id="1447403978835" xdms:retro="false" xdms:modified="2005-06-07T15:58:41.093">Председатель Правительства Российской Федерации</xdms:post>
        <xdms:num>
          <xdms:number>2509</xdms:number>
          <xdms:date>2021-12-28</xdms:date>
        </xdms:num>
      </xdms:correspondent>
    </xdms:correspondents>
      <xdms:executor>
      <xdms:region xdms:id="1468878815419" xdms:retro="false" xdms:modified="1900-01-01T00:00:00">г.Москва</xdms:region>
      <xdms:organization xdms:id="1206885810986" xdms:retro="false" xdms:modified="2012-03-01T14:38:20.317">Аппарат Правительства Российской Федерации</xdms:organization>
      <xdms:person xdms:id="1425929149725" xdms:retro="false" xdms:modified="2021-09-06T20:45:26.210">Никитина Марина Андреевна</xdms:person>
      <xdms:post xdms:id="1447403978922" xdms:retro="false" xdms:modified="2006-10-27T13:35:48.253">главный консультант</xdms:post>
      <xdms:contactInfo>5-41-87  985-41-87</xdms:contactInfo>
      </xdms:executor>
  </xdms:document>
  <xdms:files>
    <xdms:file xdms:localName="text0000000000.pdf" xdms:localId="0">
      <xdms:group>Текст документа</xdms:group>
      <xdms:description>текст документа</xdms:description>
      <xdms:pages>9</xdms:pages>
    </xdms:file>
  </xdms:files>
</xdms:communication>

